C51 COMPILER V9.60.7.0   ADC                                                               01/30/2026 16:24:12 PAGE 1   


C51 COMPILER V9.60.7.0, COMPILATION OF MODULE ADC
OBJECT MODULE PLACED IN .\Release\Objects\adc.obj
COMPILER INVOKED BY: C:\Keil_v5\C51\BIN\C51.EXE ..\..\User\adc.c LARGE OPTIMIZE(8,SPEED) BROWSE INTVECTOR(0X000C) INCDIR
                    -(..\..\Libraries\Include;..\..\User) INTERVAL(3) DEBUG OBJECTEXTEND PRINT(.\Release\Listings\adc.lst) OBJECT(.\Release\O
                    -bjects\adc.obj)

line level    source

   1          #include "adc.h"
   2          #include "my_config.h"
   3          #include "engine.h" 
   4          
   5          // å­˜æ”¾æ¸©åº¦çŠ¶æ€çš„å˜é‡
   6          volatile u8 temp_status = TEMP_NORMAL;
   7          
   8          // USER_TO_DO éœ€è¦æ”¹æˆåˆå§‹å€¼æ˜¯æ­£å¸¸çŠ¶æ€ä¸‹çš„å€¼ï¼š
   9          volatile u16 adc_val_from_engine = 4095; // å­˜æ”¾ ä»å‘åŠ¨æœºä¸€ä¾§ é‡‡é›†åˆ°çš„adå€¼
  10          volatile u16 adc_val_from_knob;          // å­˜æ”¾ ä»æ—‹é’®ä¸€ä¾§ é‡‡é›†åˆ°çš„adå€¼
  11          volatile u16 adc_val_from_temp;          // å­˜æ”¾ ä»çƒ­æ•ç”µé˜»ä¸€ä¾§ é‡‡é›†åˆ°çš„adå€¼
  12          
  13          volatile u8 cur_adc_status = ADC_STATUS_NONE; // çŠ¶æ€æœºï¼Œè¡¨ç¤ºå½“å‰adcçš„çŠ¶æ€
  14          
  15          // adcç›¸å…³çš„å¼•è„šé…ç½®
  16          void adc_pin_config(void)
  17          {
  18   1          // P30--8è„šé…ç½®ä¸ºæ¨¡æ‹Ÿè¾“å…¥æ¨¡å¼
  19   1          P3_MD0 |= GPIO_P30_MODE_SEL(0x3);
  20   1      
  21   1          // P27--9è„šé…ç½®ä¸ºæ¨¡æ‹Ÿè¾“å…¥æ¨¡å¼
  22   1          P2_MD1 |= GPIO_P27_MODE_SEL(0x3);
  23   1      
  24   1          // P31--7è„šé…ç½®ä¸ºæ¨¡æ‹Ÿè¾“å…¥æ¨¡å¼
  25   1          P3_PU &= ~(0x01 << 1); // å…³é—­ä¸Šæ‹‰
  26   1          P3_PD &= ~(0x01 << 1); // å…³é—­ä¸‹æ‹‰
  27   1          P3_MD0 |= GPIO_P31_MODE_SEL(0x3);
  28   1      }
  29          
  30          void adc_config(void)
  31          {
  32   1          __EnableIRQ(ADC_IRQn);    // ä½¿èƒ½ADCä¸­æ–­
  33   1          IE_EA = 1;                // ä½¿èƒ½æ€»ä¸­æ–­
  34   1          ADC_CFG1 |= (0x0F << 3) | // ADCæ—¶é’Ÿåˆ†é¢‘ä¸º16åˆ†é¢‘ï¼Œä¸ºç³»ç»Ÿæ—¶é’Ÿ/16
  35   1                      (0x01 << 0);  // ADC0 é€šé“ä¸­æ–­ä½¿èƒ½
  36   1          delay_ms(1);              // ç­‰å¾…adcç¨³å®š
  37   1      }
  38          
  39          void adc_channel_sel(const u8 adc_sel_pin)
  40          {
  41   1          switch (adc_sel_pin)
  42   1          {
  43   2          case ADC_SEL_PIN_ENGINE:
  44   2              // ADCé…ç½®
  45   2              ADC_ACON1 &= ~(ADC_VREF_SEL(0x7) | ADC_EXREF_SEL(0x01)); // å…³é—­å¤–éƒ¨å‚è€ƒç”µå‹ï¼Œæ¸…é™¤é€‰æ‹
             -©çš„å‚è€ƒç”µå‹
  46   2              ADC_ACON1 |= ADC_VREF_SEL(0x5) |                         // é€‰æ‹©å†…éƒ¨å‚è€ƒç”µå‹ 4.2V (ç”¨æˆ·æ
             -‰‹å†Œè¯´æœªæ ¡å‡†)
  47   2                           ADC_TEN_SEL(0x3);                           /* å…³é—­æµ‹è¯•ä¿¡å· */
  48   2              ADC_ACON0 = ADC_CMP_EN(0x1) |                            // æ‰“å¼€ADCä¸­çš„CMPä½¿èƒ½ä¿¡å·
  49   2                          ADC_BIAS_EN(0x1) |                           // æ‰“å¼€ADCåç½®ç”µæµèƒ½ä½¿ä¿¡å·
  50   2                          ADC_BIAS_SEL(0x1);                           // åç½®ç”µæµï¼š1x
  51   2              ADC_CHS0 = ADC_ANALOG_CHAN(0x17) |                       // é€‰åˆ™å¼•è„šå¯¹åº”çš„é€šé“ï¼ˆ0x17--P2
C51 COMPILER V9.60.7.0   ADC                                                               01/30/2026 16:24:12 PAGE 2   

             -7ï¼‰
  52   2                         ADC_EXT_SEL(0x0);                             // é€‰æ‹©å¤–éƒ¨é€šé“
  53   2              break;
  54   2              // ===============================================================================================
             -==
  55   2          case ADC_SEL_PIN_KNOB:                 // æ£€æµ‹æ—‹é’®è°ƒå…‰
  56   2              ADC_ACON1 &= ~(ADC_VREF_SEL(0x7)); // å…³é—­å¤–éƒ¨å‚è€ƒç”µå‹ã€æ¸…é™¤é€‰æ‹©çš„å‚è€ƒç”µå‹
  57   2              ADC_ACON1 |= ADC_VREF_SEL(0x6) |   // é€‰æ‹©å†…éƒ¨å‚è€ƒç”µå‹VCCA
  58   2                           ADC_TEN_SEL(0x3);     // å…³é—­æµ‹è¯•ä¿¡å·
  59   2              ADC_ACON0 = ADC_CMP_EN(0x1) |      // æ‰“å¼€ADCä¸­çš„CMPä½¿èƒ½ä¿¡å·
  60   2                          ADC_BIAS_EN(0x1) |     // æ‰“å¼€ADCåç½®ç”µæµèƒ½ä½¿ä¿¡å·
  61   2                          ADC_BIAS_SEL(0x1);     // åç½®ç”µæµï¼š1x
  62   2              ADC_CHS0 = ADC_ANALOG_CHAN(0x19) | // é€‰åˆ™å¼•è„šå¯¹åº”çš„é€šé“ï¼ˆ0x19--P31ï¼‰
  63   2                         ADC_EXT_SEL(0x0);       // é€‰æ‹©å¤–éƒ¨é€šé“
  64   2              break;
  65   2              // ===============================================================================================
             -==
  66   2          case ADC_SEL_PIN_TEMP:                                                       // é‡‡é›†çƒ­æ•ç”µé˜»å¯¹å
             -º”çš„ç”µå‹çš„å¼•è„š
  67   2              ADC_ACON1 &= ~(ADC_VREF_SEL(0x7) | ADC_EXREF_SEL(0) | ADC_INREF_SEL(0)); // å…³é—­å¤–éƒ¨å‚è€ƒç”µå
             -‹ï¼Œæ¸…é™¤é€‰æ‹©çš„å‚è€ƒç”µå‹
  68   2              ADC_ACON1 |= ADC_VREF_SEL(0x6) |                                         // é€‰æ‹©å†…éƒ¨å‚è€ƒç”µå
             -‹VCCA
  69   2                           ADC_TEN_SEL(0x3);                                           // å…³é—­æµ‹è¯•ä¿¡å·
  70   2              ADC_ACON0 = ADC_CMP_EN(0x1) |                                            // æ‰“å¼€ADCä¸­çš„CMPä½¿è
             -ƒ½ä¿¡å·
  71   2                          ADC_BIAS_EN(0x1) |                                           // æ‰“å¼€ADCåç½®ç”µæµè
             -ƒ½ä½¿ä¿¡å·
  72   2                          ADC_BIAS_SEL(0x1);                                           // åç½®ç”µæµï¼š1x
  73   2      
  74   2              ADC_CHS0 = ADC_ANALOG_CHAN(0x18) | // é€‰åˆ™å¼•è„šå¯¹åº”çš„é€šé“ï¼ˆ0x18--P30ï¼‰
  75   2                         ADC_EXT_SEL(0x0);       // é€‰æ‹©å¤–éƒ¨é€šé“
  76   2              break;
  77   2              // ===============================================================================================
             -==
  78   2          default:
  79   2              break;
  80   2          }
  81   1      
  82   1          ADC_CFG0 |= ADC_CHAN0_EN(0x1) | // ä½¿èƒ½é€šé“0è½¬æ¢
  83   1                      ADC_EN(0x1);        // ä½¿èƒ½A/Dè½¬æ¢
  84   1      }
  85          
  86          // ä»å¼•è„šä¸Šé‡‡é›†æ»¤æ³¢åçš„ç”µå‹å€¼,å‡½æ•°å†…éƒ¨ä¼šå°†é‡‡é›†åˆ°çš„adè½¬æ¢æˆå¯¹åº”çš„ç”µå‹å€¼
  87          u32 get_voltage_from_pin(void)
  88          {
  89   1          // 4095ï¼ˆadcè½¬æ¢åï¼Œå¯èƒ½å‡ºç°çš„æœ€å¤§çš„å€¼ï¼‰ * 0.0012 == 4.914ï¼Œçº¦ç­‰äº5Vï¼ˆVCCï¼‰
  90   1          return adc_val_from_temp * 12 / 10; // å‡è®¾æ˜¯4095ï¼Œ4095 * 12/10 == 4915mV
  91   1      }
  92          
  93          // æ¸©åº¦æ£€æµ‹åŠŸèƒ½
  94          void temperature_scan(void)
  95          {
  96   1          volatile u32 voltage = 0; // å­˜æ”¾adcé‡‡é›†åˆ°çš„ç”µå‹ï¼Œå•ä½ï¼šmV
  97   1      
  98   1          // å¦‚æœå·²ç»è¶…è¿‡75æ‘„æ°åº¦ä¸”è¶…è¿‡5minï¼Œä¸ç”¨å†æ£€æµ‹8è„šçš„ç”µå‹ï¼Œç­‰å¾…ç”¨æˆ·æ’æŸ¥åŸå›
             - ï¼Œå†é‡å¯ï¼ˆé‡æ–°ä¸Šç”µï¼‰
  99   1          if (TEMP_75_5_MIN == temp_status)
 100   1          {
 101   2              return;
 102   2          }
 103   1      
C51 COMPILER V9.60.7.0   ADC                                                               01/30/2026 16:24:12 PAGE 3   

 104   1          voltage = get_voltage_from_pin(); // é‡‡é›†çƒ­æ•ç”µé˜»ä¸Šçš„ç”µå‹
 105   1      
 106   1      #if USE_MY_DEBUG
 107   1          // printf("PIN-8 voltage: %lu mV\n", voltage);
 108   1      #endif // USE_MY_DEBUG
 109   1      
 110   1          // å¦‚æœä¹‹å‰çš„æ¸©åº¦ä¸ºæ­£å¸¸ï¼Œæ£€æµ‹æ˜¯å¦è¶…è¿‡75æ‘„æ°åº¦ï¼ˆÂ±5æ‘„æ°åº¦ï¼‰
 111   1          if (TEMP_NORMAL == temp_status)
 112   1          {
 113   2              // å¦‚æœæ£€æµ‹åˆ°æ¸©åº¦å¤§äº75æ‘„æ°åº¦ï¼ˆæµ‹å¾—çš„ç”µå‹å€¼è¦å°äº75æ‘„æ°åº¦å¯¹åº”çš„ç”µå‹å
             -€¼ï¼‰
 114   2              static volatile u8 cnt = 0;
 115   2              if (voltage < VOLTAGE_TEMP_75) // å¦‚æœæ£€æµ‹åˆ°æ¸©åº¦å¤§äº75æ‘„æ°åº¦ï¼ˆæµ‹å¾—çš„ç”µå‹å€¼è¦å°
             -äº75æ‘„æ°åº¦å¯¹åº”çš„ç”µå‹å€¼ï¼‰
 116   2              {
 117   3                  cnt++;
 118   3              }
 119   2              else
 120   2              {
 121   3                  cnt = 0;
 122   3              }
 123   2      
 124   2              if (cnt >= 10)
 125   2              {
 126   3                  cnt = 0;
 127   3                  // æµ‹è¯•çš„æ—¶å€™ï¼Œå¦‚æœå¼•è„šæ‚¬ç©ºï¼Œå¯èƒ½ä¼šæ‰§è¡Œä¸åˆ°è¿™é‡Œï¼š
 128   3                  temp_status = TEMP_75; // çŠ¶æ€æ ‡å¿—è®¾ç½®ä¸ºè¶…è¿‡75æ‘„æ°åº¦   USER_TO_DO  åœ¨æµ‹è¯•æ—¶ä¼š
             -å±è”½æ‰ï¼Œéœ€è¦æ£€æŸ¥ä¸€ä¸‹
 129   3              }
 130   2              else
 131   2              {
 132   3                  temp_status = TEMP_NORMAL;
 133   3              }
 134   2      
 135   2              return; // å‡½æ•°è¿”å›ï¼Œè®©è°ƒèŠ‚å ç©ºæ¯”çš„å‡½æ•°å…ˆè¿›è¡Œè°ƒèŠ‚
 136   2          }
 137   1          else if (TEMP_75 == temp_status)
 138   1          {
 139   2              // å¦‚æœä¹‹å‰çš„æ¸©åº¦è¶…è¿‡75æ‘„æ°åº¦
 140   2              static bit tmr1_is_open = 0;
 141   2      
 142   2              if (0 == tmr1_is_open)
 143   2              {
 144   3                  tmr1_is_open = 1;
 145   3                  tmr1_cnt = 0;
 146   3                  tmr1_enable(); // æ‰“å¼€å®šæ—¶å™¨ï¼Œå¼€å§‹è®°å½•æ˜¯å¦å¤§äº75æ‘„æ°åº¦ä¸”è¶…è¿‡ä¸€å®šæ—¶é—´
 147   3              }
 148   2      
 149   2              // å¦‚æœè¶…è¿‡75æ‘„æ°åº¦å¹¶ä¸”è¿‡äº†5minï¼Œå†æ£€æµ‹æ¸©åº¦æ˜¯å¦è¶…è¿‡75æ‘„æ°åº¦
 150   2              if (tmr1_cnt >= (u32)TMR1_CNT_5_MINUTES)
 151   2              {
 152   3                  static volatile u8 cnt = 0;
 153   3      
 154   3                  if (voltage < VOLTAGE_TEMP_75) // å¦‚æœæ£€æµ‹åˆ°æ¸©åº¦å¤§äº75æ‘„æ°åº¦ï¼ˆæµ‹å¾—çš„ç”µå‹å€¼è
             -¦å°äº75æ‘„æ°åº¦å¯¹åº”çš„ç”µå‹å€¼ï¼‰
 155   3                  {
 156   4                      cnt++;
 157   4                  }
 158   3                  else
 159   3                  {
 160   4                      cnt = 0;
 161   4                  }
C51 COMPILER V9.60.7.0   ADC                                                               01/30/2026 16:24:12 PAGE 4   

 162   3      
 163   3                  if (cnt >= 10)
 164   3                  {
 165   4                      cnt = 0;
 166   4                      temp_status = TEMP_75_5_MIN; // çŠ¶æ€æ ‡å¿—è®¾ç½®ä¸ºè¶…è¿‡75æ‘„æ°åº¦ä¸”è¶…è¿‡5min
 167   4                      tmr1_disable();              // å…³é—­å®šæ—¶å™¨
 168   4                      tmr1_cnt = 0;                // æ¸…ç©ºæ—¶é—´è®¡æ•°å€¼
 169   4                      tmr1_is_open = 0;
 170   4                  }
 171   3                  else
 172   3                  {
 173   4                      temp_status = TEMP_75;
 174   4                  }
 175   3      
 176   3                  return;
 177   3              }
 178   2          }
 179   1      }
 180          
 181          // æ ¹æ®æ¸©åº¦ï¼ˆç”µå‹å€¼æ‰«æï¼‰æˆ–9è„šçš„çŠ¶æ€æ¥è®¾å®šå ç©ºæ¯”
 182          void set_duty(void)
 183          {
 184   1          // å¦‚æœæ¸©åº¦æ­£å¸¸ï¼Œæ ¹æ®9è„šçš„çŠ¶æ€æ¥è°ƒèŠ‚PWMå ç©ºæ¯”
 185   1          if (TEMP_NORMAL == temp_status)
 186   1          {
 187   2              if (flag_is_time_to_check_engine)
 188   2              {
 189   3                  flag_is_time_to_check_engine = 0;
 190   3                  according_pin9_to_adjust_pwm();
 191   3              }
 192   2          }
 193   1          else if (TEMP_75 == temp_status)
 194   1          {
 195   2              limited_pwm_duty_due_to_temp = PWM_DUTY_50_PERCENT; // å°†pwmå ç©ºæ¯”é™åˆ¶åˆ°æœ€å¤§å ç©ºæ¯”çš„ 
             -50%
 196   2          }
 197   1          else if (TEMP_75_5_MIN == temp_status)
 198   1          {
 199   2              limited_pwm_duty_due_to_temp = PWM_DUTY_25_PERCENT; // å°†pwmå ç©ºæ¯”é™åˆ¶åˆ°æœ€å¤§å ç©ºæ¯”çš„ 
             -25%
 200   2          }
 201   1      }
 202          
 203          void ADC_IRQHandler(void) interrupt ADC_IRQn
 204          {
 205   1          // è¿›å…¥ä¸­æ–­è®¾ç½®IPï¼Œä¸å¯åˆ é™¤
 206   1          __IRQnIPnPush(ADC_IRQn);
 207   1      
 208   1          // ---------------- ç”¨æˆ·å‡½æ•°å¤„ç† -------------------
 209   1          if (ADC_STA & ADC_CHAN0_DONE(0x01))
 210   1          {
 211   2              volatile u16 adc_val = (ADC_DATAH0 << 4) | (ADC_DATAL0 >> 4); // å…ˆæ¥æ”¶adå€¼
 212   2              ADC_STA |= ADC_CHAN0_DONE(0x01);                              // æ¸…é™¤ADC0è½¬æ¢å®Œæˆæ ‡å¿—ä½
 213   2      
 214   2              if (ADC_STATUS_SEL_ENGINE == cur_adc_status)
 215   2              {
 216   3                  // æ›´æ–°å‘åŠ¨æœºæ£€æµ‹ä¸€ç«¯çš„adå€¼
 217   3      
 218   3                  static u8 i = 0; // adcé‡‡é›†æ¬¡æ•°çš„è®¡æ•°
 219   3                  static volatile u32 g_tmpbuff = 0;
 220   3                  static volatile u16 g_adcmax = 0;
 221   3                  static volatile u16 g_adcmin = 0xFFFF;
C51 COMPILER V9.60.7.0   ADC                                                               01/30/2026 16:24:12 PAGE 5   

 222   3      
 223   3                  if (i < 20)
 224   3                  {
 225   4                      i++;
 226   4      
 227   4                      if (i >= 2) // ä¸¢å¼ƒå‰ä¸¤æ¬¡é‡‡æ ·å€¼
 228   4                      {
 229   5                          if (adc_val > g_adcmax)
 230   5                              g_adcmax = adc_val; // æœ€å¤§
 231   5                          if (adc_val < g_adcmin)
 232   5                              g_adcmin = adc_val; // æœ€å°
 233   5                          g_tmpbuff += adc_val;
 234   5                      }
 235   4      
 236   4                      if (i < 20)
 237   4                          ADC_CFG0 |= 0x01 << 0; // å¼€å¯adc0è½¬æ¢
 238   4                  }
 239   3      
 240   3                  if (i >= 20)
 241   3                  {
 242   4                      adc_val_from_engine = (g_tmpbuff >> 4); // é™¤ä»¥16ï¼Œå–å¹³å‡å€¼
 243   4                      cur_adc_status = ADC_STATUS_SEL_ENGINE_DONE;
 244   4      
 245   4                      // é‡æ–°åˆå§‹åŒ–ä½¿ç”¨åˆ°çš„å˜é‡ï¼š
 246   4                      i = 0;
 247   4                      g_adcmax = 0;
 248   4                      g_adcmin = 0xFFFF;
 249   4                      g_tmpbuff = 0;
 250   4                      // printf("1 engine scan done\n");
 251   4                  }
 252   3              }
 253   2              else if (ADC_STATUS_SEL_KNOB == cur_adc_status)
 254   2              {
 255   3                  // æ›´æ–°æ—‹é’®æ£€æµ‹ä¸€ç«¯çš„adå€¼
 256   3                  adc_val_from_knob = adc_val;
 257   3                  // printf("2 knob scan done\n");
 258   3              }
 259   2              else if (ADC_STATUS_SEL_GET_TEMP == cur_adc_status)
 260   2              {
 261   3                  // æ›´æ–°çƒ­æ•ç”µé˜»æ£€æµ‹ä¸€ç«¯çš„adå€¼
 262   3                  adc_val_from_temp = adc_val;
 263   3                  // printf("3 temp scan done\n");
 264   3              }
 265   2          }
 266   1      
 267   1          // é€€å‡ºä¸­æ–­è®¾ç½®IPï¼Œä¸å¯åˆ é™¤
 268   1          __IRQnIPnPop(ADC_IRQn);
 269   1      }


MODULE INFORMATION:   STATIC OVERLAYABLE
   CODE SIZE        =    796    ----
   CONSTANT SIZE    =   ----    ----
   XDATA SIZE       =     19       6
   PDATA SIZE       =   ----    ----
   DATA SIZE        =   ----    ----
   IDATA SIZE       =   ----    ----
   BIT SIZE         =      1    ----
END OF MODULE INFORMATION.


C51 COMPILATION COMPLETE.  0 WARNING(S),  0 ERROR(S)
