C51 COMPILER V9.60.7.0   ENGINE                                                            01/30/2026 16:24:13 PAGE 1   


C51 COMPILER V9.60.7.0, COMPILATION OF MODULE ENGINE
OBJECT MODULE PLACED IN .\Release\Objects\engine.obj
COMPILER INVOKED BY: C:\Keil_v5\C51\BIN\C51.EXE ..\..\User\engine.c LARGE OPTIMIZE(8,SPEED) BROWSE INTVECTOR(0X000C) INC
                    -DIR(..\..\Libraries\Include;..\..\User) INTERVAL(3) DEBUG OBJECTEXTEND PRINT(.\Release\Listings\engine.lst) OBJECT(.\Rel
                    -ease\Objects\engine.obj)

line level    source

   1          #include "my_config.h"
   2          #include "engine.h"
   3          
   4          /*
   5              æ»¤æ³¢ã€åˆ¤æ–­ç”µå‹æ˜¯å¦æœ‰è·³åŠ¨ï¼Œä¸€æ®µæ—¶é—´å†…ç”µå‹æµ®åŠ¨è¿‡å¤§ï¼Œ
   6              æ‰€ä½¿ç”¨åˆ°çš„è¿™äº›å˜é‡
   7          */
   8          #define FILTER_BUFF_SIZE 32
   9          #define FILTER_BUFF_2_SIZE 270 // 270 -- å¯¹åº” 5.83ms æ‰§è¡Œä¸€æ¬¡çš„å‡½æ•° according_pin9_to_adjust_pwmï
             -¼Œæ—¶é—´è¶ŠçŸ­ï¼Œæ•°ç»„éœ€è¦åŠ å¤§
  10          static volatile u16 t_count = 0;
  11          static volatile u16 t_adc_max = 0;    // å­˜æ”¾ä¸€æ®µæ—¶é—´å†…é‡‡é›†åˆ°çš„æœ€å¤§adå€¼
  12          static volatile u16 t_adc_min = 4096; // å­˜æ”¾ä¸€æ®µæ—¶é—´å†…é‡‡é›†åˆ°çš„æœ€å°adå€¼
  13          static volatile u8 over_drive_status = 0;
  14          #define OVER_DRIVE_RESTART_TIME (30)
  15          
  16          static volatile u16 filter_buff[FILTER_BUFF_SIZE] = {
  17              0xFFFF,
  18          };
  19          
  20          static volatile u16 filter_buff_2[FILTER_BUFF_2_SIZE]; // ç”¨äºæ»¤æ³¢çš„æ•°ç»„
  21          static volatile u16 filter_buff_2_index;               // ç”¨äºè®°å½•æ»¤æ³¢çš„æ•°ç»„ä¸‹æ ‡
  22          
  23          volatile bit flag_is_time_to_check_engine; // æ ‡å¿—ä½ï¼Œæ˜¯å¦åˆ°æ—¶é—´å»è°ƒç”¨æ£€æµ‹å‘åŠ¨æœºåŠŸç‡çš„
             -å‡½æ•°
  24          
  25          /*
  26              ç”µæºç”µå‹ä½äº170V-AC,å¯åŠ¨ä½å‹ä¿æŠ¤ï¼Œç”µæºç”µå‹é«˜äº170V-ACï¼Œå…³é—­ä½å‹ä¿æŠ¤
  27              æ¸©åº¦æ­£å¸¸ï¼Œæ‰ä¼šè¿›å…¥åˆ°è¿™é‡Œ
  28              æ³¨æ„ï¼Œæ¯æ¬¡è°ƒç”¨åˆ°è¯¥å‡½æ•°ï¼Œåº”è¯¥åœ¨5.75mså·¦å³ï¼Œæ£€æµ‹å‘åŠ¨æœºåŠŸç‡ä¸ç¨³å®šçš„åŸç†æ˜¯
             -æ£€æµ‹é¢‘ç‡ï¼Œ
  29              å¦‚æœä¸åœ¨5.75msé™„è¿‘ï¼Œå¯èƒ½ä¼šå¯¼è‡´æ£€æµ‹ä¸å‡†ç¡®ï¼Œæ£€æµ‹ä¸åˆ°å‘åŠ¨æœºåŠŸç‡ä¸ç¨³å®š
  30          */
  31          void according_pin9_to_adjust_pwm(void)
  32          {
  33   1          static volatile u8 filter_buff_index = 0;
  34   1          static volatile u8 flag_is_sub_power = 0;  // æ ‡å¿—ä½ï¼Œæ˜¯å¦è¦è¿ç»­å‡åŠŸç‡ï¼ˆçŠ¶æ€æœºï¼‰
  35   1          static volatile u8 flag_is_sub_power2 = 0; // æ ‡å¿—ä½ï¼Œæ˜¯å¦è¦è¿ç»­å‡åŠŸç‡
  36   1          static volatile bit flag_is_add_power = 0; // æ ‡å¿—ä½ï¼Œæ˜¯å¦è¦è¿ç»­å¢åŠŸç‡
  37   1      
  38   1          volatile u32 adc_pin_9_avg = 0;             // å­˜æ”¾å¹³å‡å€¼
  39   1          volatile u16 adc_val = adc_val_from_engine; // adc_val_from_engine ç”±adcä¸­æ–­æ›´æ–°
  40   1      
  41   1          if (filter_buff[0] == 0xFFFF) // å¦‚æœæ˜¯ç¬¬ä¸€æ¬¡æ£€æµ‹ï¼Œè®©æ•°ç»„å†…æ‰€æœ‰å…ƒç´ éƒ½å˜ä¸ºç¬¬ä¸€æ¬¡
             -é‡‡é›†çš„æ•°æ®ï¼Œæ–¹ä¾¿å¿«é€Ÿä½œå‡ºå˜åŒ–
  42   1          {
  43   2              u16 i = 0;
  44   2              for (; i < ARRAY_SIZE(filter_buff); i++)
  45   2              {
  46   3                  filter_buff[i] = adc_val;
  47   3              }
  48   2      
  49   2              for (i = 0; i < ARRAY_SIZE(filter_buff_2); i++)
C51 COMPILER V9.60.7.0   ENGINE                                                            01/30/2026 16:24:13 PAGE 2   

  50   2              {
  51   3                  filter_buff_2[i] = adc_val;
  52   3              }
  53   2          }
  54   1          else
  55   1          {
  56   2              u16 temp = filter_buff[filter_buff_index];
  57   2              temp += adc_val;
  58   2              temp >>= 1;
  59   2              filter_buff[filter_buff_index] = temp;
  60   2              filter_buff_index++;
  61   2              if (filter_buff_index >= ARRAY_SIZE(filter_buff))
  62   2              {
  63   3                  filter_buff_index = 0;
  64   3              }
  65   2          }
  66   1      
  67   1          { // å–å‡ºæ•°ç»„å†…çš„æ•°æ®ï¼Œè®¡ç®—å¹³å‡å€¼
  68   2              u16 i = 0;
  69   2              for (; i < ARRAY_SIZE(filter_buff); i++)
  70   2              {
  71   3                  adc_pin_9_avg += filter_buff[i];
  72   3              }
  73   2      
  74   2              // adc_pin_9_avg /= ARRAY_SIZE(filter_buff);
  75   2              adc_pin_9_avg >>= 5; // ç›¸å½“äº /= 32
  76   2          } // å–å‡ºæ•°ç»„å†…çš„æ•°æ®ï¼Œè®¡ç®—å¹³å‡å€¼
  77   1      
  78   1          // åœ¨å‰é¢æ»¤æ³¢çš„åŸºç¡€ä¸Šå†è¿›è¡Œä¸€æ¬¡æ»¤æ³¢
  79   1          filter_buff_2[filter_buff_2_index] = adc_pin_9_avg;
  80   1          filter_buff_2_index++;
  81   1          if (filter_buff_2_index >= ARRAY_SIZE(filter_buff_2))
  82   1          {
  83   2              filter_buff_2_index = 0;
  84   2          }
  85   1      
  86   1          {
  87   2              u16 i = 0;
  88   2              t_adc_max = 0;
  89   2              t_adc_min = 4096;
  90   2              for (; i < ARRAY_SIZE(filter_buff_2); i++)
  91   2              {
  92   3                  if (filter_buff_2[i] > t_adc_max)
  93   3                  {
  94   4                      t_adc_max = filter_buff_2[i];
  95   4                  }
  96   3                  if (filter_buff_2[i] < t_adc_min)
  97   3                  {
  98   4                      t_adc_min = filter_buff_2[i];
  99   4                  }
 100   3                  if ((t_adc_max - t_adc_min) > ADC_OVER_DRIVE_VAL)
 101   3                  { // ç”µå‹æ³¢åŠ¨
 102   4                      over_drive_status = OVER_DRIVE_RESTART_TIME;
 103   4                  }
 104   3                  else
 105   3                  {
 106   4                      if (over_drive_status)
 107   4                          over_drive_status--;
 108   4                  }
 109   3              }
 110   2      
 111   2              // MY_DEBUG:
C51 COMPILER V9.60.7.0   ENGINE                                                            01/30/2026 16:24:13 PAGE 3   

 112   2              // {
 113   2              //     // æ ¹æ®å‘åŠ¨æœºä¸ç¨³å®šé™åŠŸç‡çš„åŠŸèƒ½æ­£å¸¸æ—¶ï¼Œæµ‹å¾—æ˜¯5.83msæ‰§è¡Œä¸€æ¬¡ï¼Œæ¯1
             -00æ¬¡æ‰“å°ä¸€æ¬¡ï¼Œå¹³å‡è€—æ—¶æ˜¯583ms
 114   2              //     // å¦‚æœå¾ªç¯å¤§äº5.83msï¼Œåœ¨å®¢æˆ·é‚£é‡Œæµ‹è¯•å¥½åƒåŠŸèƒ½ä¹Ÿæ­£å¸¸ï¼Œå®¢æˆ·æ²¡æœ‰è¿›ä
             -¸€æ­¥åé¦ˆ
 115   2              //     static u8 cnt = 0;
 116   2              //     cnt++;
 117   2              //     if (cnt >= 100)
 118   2              //     {
 119   2              //         cnt = 0;
 120   2              //         printf("__LINE__ %u\n", __LINE__);
 121   2              //     }
 122   2              // }
 123   2          }
 124   1      
 125   1          if (adc_pin_9_avg >= (ADC_VAL_170VAC + ADC_DEAD_ZONE_NEAR_170VAC) ||
 126   1              (flag_is_add_power && adc_pin_9_avg > (ADC_VAL_170VAC + ADC_DEAD_ZONE_NEAR_170VAC))) // å¤§äº 170
             -VAC
 127   1          {
 128   2              // å¤§äº170VACï¼Œæ¢å¤100%å ç©ºæ¯”ï¼Œä½†æ˜¯ä¼˜å…ˆçº§æ¯” "9è„šç”µå‹æ£€æµ‹åˆ°å‘é€æœºåŠŸç‡ä¸ç
             -¨³å®šï¼Œè¿›è€Œé™åŠŸç‡" ä½
 129   2              flag_is_sub_power = 0;
 130   2              flag_is_sub_power2 = 0;
 131   2              flag_is_add_power = 1;
 132   2      
 133   2              if (over_drive_status == OVER_DRIVE_RESTART_TIME) // 9è„šç”µå‹è¶…è¿‡ä¸ç¨³å®šé˜ˆå€¼å¯¹åº”çš„ç”µå
             -‹
 134   2              {
 135   3                  over_drive_status -= 1;
 136   3                  if (limited_pwm_duty_due_to_unstable_engine > PWM_DUTY_50_PERCENT)
 137   3                  {
 138   4                      limited_pwm_duty_due_to_unstable_engine -= 1;
 139   4                  }
 140   3      
 141   3                  if (limited_pwm_duty_due_to_unstable_engine < PWM_DUTY_50_PERCENT)
 142   3                  {
 143   4                      limited_pwm_duty_due_to_unstable_engine = PWM_DUTY_50_PERCENT;
 144   4                  }
 145   3              }
 146   2              else if (over_drive_status == 0)
 147   2              {
 148   3                  // æœªæ»¡è½½ pwm++
 149   3                  if (flag_is_pwm_add_time_comes) // pwmå ç©ºæ¯”é€’å¢æ—¶é—´åˆ°æ¥
 150   3                  {
 151   4                      flag_is_pwm_add_time_comes = 0;
 152   4                      if (limited_pwm_duty_due_to_unstable_engine < PWM_DUTY_100_PERCENT)
 153   4                      {
 154   5                          limited_pwm_duty_due_to_unstable_engine++;
 155   5                      }
 156   4                  }
 157   3              }
 158   2          }
 159   1          else if (adc_pin_9_avg > (ADC_VAL_LOWER_THAN_170VAC) &&
 160   1                   (adc_pin_9_avg <= (ADC_VAL_170VAC) || flag_is_sub_power == 4)) // å°äº 170VAC
 161   1          {
 162   2              // é”å®šæœ€å¤§çš„å ç©ºæ¯”ä¸º50%ï¼Œå¹¶ä¸”ç»™ç›¸åº”æ ‡å¿—ä½ç½®ä¸€
 163   2              if (flag_is_pwm_sub_time_comes) // pwmå ç©ºæ¯”é€’å‡æ—¶é—´åˆ°æ¥
 164   2              {
 165   3                  flag_is_pwm_sub_time_comes = 0;
 166   3      
 167   3                  if (flag_is_sub_power < 4)
 168   3                  {
C51 COMPILER V9.60.7.0   ENGINE                                                            01/30/2026 16:24:13 PAGE 4   

 169   4                      flag_is_sub_power++;
 170   4                  }
 171   3      
 172   3                  flag_is_sub_power2 = 0;
 173   3                  flag_is_add_power = 0;
 174   3      
 175   3                  if (limited_pwm_duty_due_to_unstable_engine > PWM_DUTY_50_PERCENT)
 176   3                  {
 177   4                      limited_pwm_duty_due_to_unstable_engine -= 2;
 178   4                  }
 179   3                  else if (limited_pwm_duty_due_to_unstable_engine < PWM_DUTY_50_PERCENT)
 180   3                  {
 181   4                      limited_pwm_duty_due_to_unstable_engine++;
 182   4                  }
 183   3                  else
 184   3                  {
 185   4                      limited_pwm_duty_due_to_unstable_engine = PWM_DUTY_50_PERCENT;
 186   4                  }
 187   3              }
 188   2          }
 189   1          else if (adc_pin_9_avg <= (ADC_VAL_LOWER_THAN_170VAC) || (flag_is_sub_power2)) // å°äº 170VAC
 190   1          {
 191   2              // é”å®šæœ€å¤§çš„å ç©ºæ¯”ä¸º50%ï¼Œå¹¶ä¸”ç»™ç›¸åº”æ ‡å¿—ä½ç½®ä¸€
 192   2              if (flag_is_pwm_sub_time_comes) // pwmå ç©ºæ¯”é€’å‡æ—¶é—´åˆ°æ¥
 193   2              {
 194   3                  flag_is_pwm_sub_time_comes = 0;
 195   3      
 196   3                  flag_is_sub_power2 = 1;
 197   3                  flag_is_sub_power = 0;
 198   3                  flag_is_add_power = 0;
 199   3      
 200   3                  if (limited_pwm_duty_due_to_unstable_engine > PWM_DUTY_30_PERCENT)
 201   3                  {
 202   4                      limited_pwm_duty_due_to_unstable_engine -= 2;
 203   4                  }
 204   3                  else
 205   3                  {
 206   4                      limited_pwm_duty_due_to_unstable_engine = PWM_DUTY_30_PERCENT;
 207   4                  }
 208   3              }
 209   2          }
 210   1      }


MODULE INFORMATION:   STATIC OVERLAYABLE
   CODE SIZE        =   1109    ----
   CONSTANT SIZE    =   ----    ----
   XDATA SIZE       =    616       8
   PDATA SIZE       =   ----    ----
   DATA SIZE        =   ----    ----
   IDATA SIZE       =   ----    ----
   BIT SIZE         =      2    ----
END OF MODULE INFORMATION.


C51 COMPILATION COMPLETE.  0 WARNING(S),  0 ERROR(S)
