C51 COMPILER V9.60.7.0   POWER_ON                                                          01/30/2026 16:24:13 PAGE 1   


C51 COMPILER V9.60.7.0, COMPILATION OF MODULE POWER_ON
OBJECT MODULE PLACED IN .\Release\Objects\power_on.obj
COMPILER INVOKED BY: C:\Keil_v5\C51\BIN\C51.EXE ..\..\User\power_on.c LARGE OPTIMIZE(8,SPEED) BROWSE INTVECTOR(0X000C) I
                    -NCDIR(..\..\Libraries\Include;..\..\User) INTERVAL(3) DEBUG OBJECTEXTEND PRINT(.\Release\Listings\power_on.lst) OBJECT(.
                    -\Release\Objects\power_on.obj)

line level    source

   1          #include "power_on.h"
   2          #include "include.h"
   3          #include "pwm.h"
   4          
   5          volatile bit flag_is_in_power_on = 0; // æ˜¯å¦å¤„äºå¼€æœºç¼“å¯åŠ¨
   6          static volatile u32 power_on_step = 0;
   7          volatile bit flag_time_comes_during_power_on = 0; // æ ‡å¿—ä½ï¼Œå¼€æœºç¼“å¯åŠ¨æœŸé—´ï¼Œè°ƒèŠ‚æ—¶é—´åˆ°æ
             -¥ï¼ˆç”±å®šæ—¶å™¨ç½®ä½ï¼‰
   8          
   9          void power_on_handle(void)
  10          {
  11   1          cur_pwm_channel_0_duty = 0;
  12   1          flag_is_in_power_on = 1; // è¡¨ç¤ºåˆ°äº†å¼€æœºç¼“å¯åŠ¨
  13   1      
  14   1          while (1)
  15   1          {
  16   2              update_max_pwm_duty_coefficient();
  17   2      
  18   2              if (cur_pwm_channel_0_duty >= limited_max_pwm_duty)
  19   2              {
  20   3                  // å½“ä¸¤è·¯pwméƒ½åˆ°å¯¹åº”çš„å ç©ºæ¯”å€¼ä¹‹åï¼Œæ‰é€€å‡ºå¼€æœºç¼“å¯åŠ¨
  21   3                  break;
  22   3              }
  23   2      
  24   2              if (flag_time_comes_during_power_on) // å¦‚æœè°ƒèŠ‚æ—¶é—´åˆ°æ¥
  25   2              {
  26   3                  flag_time_comes_during_power_on = 0;
  27   3                  power_on_step += POWER_ON_ADJUST_STEP; // ç´¯è®¡æ­¥é•¿
  28   3                  if (power_on_step >= 1000)
  29   3                  {
  30   4                      power_on_step -= 1000;
  31   4                      cur_pwm_channel_0_duty++; 
  32   4                  }
  33   3              } 
  34   2              
  35   2              set_pwm_channel_0_duty(cur_pwm_channel_0_duty);
  36   2          }
  37   1      
  38   1          // ç¼“å¯åŠ¨åï¼Œç«‹å³æ›´æ–° adjust_pwm_channel_0_duty çš„å€¼ï¼šï¼ˆ è¦ç»™ä¸‹é¢è¿™äº›å˜é‡èµ‹å€¼ï¼
             -Œä¸Šç”µåä¼šæ ¹æ®è¿™äº›å˜é‡çš„å€¼æ¥è°ƒèŠ‚ ï¼‰
  39   1          expect_adjust_pwm_channel_0_duty = cur_pwm_channel_0_duty; 
  40   1          adjust_pwm_channel_0_duty = cur_pwm_channel_0_duty;
  41   1          flag_is_in_power_on = 0; // è¡¨ç¤ºé€€å‡ºäº†å¼€æœºç¼“å¯åŠ¨
  42   1      }


MODULE INFORMATION:   STATIC OVERLAYABLE
   CODE SIZE        =    194    ----
   CONSTANT SIZE    =   ----    ----
   XDATA SIZE       =      4    ----
   PDATA SIZE       =   ----    ----
   DATA SIZE        =   ----    ----
   IDATA SIZE       =   ----    ----
C51 COMPILER V9.60.7.0   POWER_ON                                                          01/30/2026 16:24:13 PAGE 2   

   BIT SIZE         =      2    ----
END OF MODULE INFORMATION.


C51 COMPILATION COMPLETE.  0 WARNING(S),  0 ERROR(S)
