C51 COMPILER V9.60.7.0   TIMER3                                                            01/30/2026 16:24:13 PAGE 1   


C51 COMPILER V9.60.7.0, COMPILATION OF MODULE TIMER3
OBJECT MODULE PLACED IN .\Release\Objects\timer3.obj
COMPILER INVOKED BY: C:\Keil_v5\C51\BIN\C51.EXE ..\..\User\timer3.c LARGE OPTIMIZE(8,SPEED) BROWSE INTVECTOR(0X000C) INC
                    -DIR(..\..\Libraries\Include;..\..\User) INTERVAL(3) DEBUG OBJECTEXTEND PRINT(.\Release\Listings\timer3.lst) OBJECT(.\Rel
                    -ease\Objects\timer3.obj)

line level    source

   1          #include "my_config.h"
   2          #include "timer3.h"
   3          #include "engine.h"
   4          #include "adc.h"
   5          
   6          /*
   7              将 timer3 配置为每 935us 产生一次中断的定时器
   8              935us == 0.000935s，转换成频率：
   9              1 / 0.00935 == 1069.518716577540106951871657754 Hz
  10          */
  11          
  12          // 实际测试在935us，如果有其他定时器中断，时间会有误差，在910~960us
  13          #define TIMER3_PERIOD_VAL (SYSCLK / 128 / 1069 - 1) // 周期值=系统时钟/分频/频率 - 1
  14          
  15          void timer3_config(void)
  16          {
  17   1          __EnableIRQ(TMR3_IRQn); // 使能timer3中断
  18   1          IE_EA = 1;              // 使能总中断
  19   1      
  20   1          // 设置timer3的计数功能，配置一个频率为 kHz的中断
  21   1          TMR_ALLCON = TMR3_CNT_CLR(0x1);                               // 清除计数值
  22   1          TMR3_PRH = TMR_PERIOD_VAL_H((TIMER3_PERIOD_VAL >> 8) & 0xFF); // 周期值
  23   1          TMR3_PRL = TMR_PERIOD_VAL_L((TIMER3_PERIOD_VAL >> 0) & 0xFF);
  24   1          TMR3_CONH = TMR_PRD_PND(0x1) | TMR_PRD_IRQ_EN(0x1);                          // 计数等于周期时
             -许发生中断
  25   1          TMR3_CONL = TMR_SOURCE_SEL(0x7) | TMR_PRESCALE_SEL(0x7) | TMR_MODE_SEL(0x1); // 选择系统时钟，1
             -28分频，计数模式
  26   1      }
  27          
  28          void TIMR3_IRQHandler(void) interrupt TMR3_IRQn
  29          {
  30   1          // 进入中断设置IP，不可删除
  31   1          __IRQnIPnPush(TMR3_IRQn);
  32   1      
  33   1          // ---------------- 用户函数处理 -------------------
  34   1          if (0 == (TMR3_CONH & TMR_PRD_PND(0x1)))
  35   1          {
  36   2              // 不是该中断触发（运算之后是非0值，才是该中断触发），直接退出
  37   2              // 退出中断设置IP，不可删除
  38   2              __IRQnIPnPop(TMR3_IRQn);
  39   2              return;
  40   2          }
  41   1      
  42   1          TMR3_CONH |= TMR_PRD_PND(0x1); // 清除中断标志
  43   1      
  44   1          // 这段代码必须要放在切换通道前面，否则时序和逻辑会有问题
  45   1          {
  46   2              static volatile u8 cnt;
  47   2              static volatile u8 flag_is_time_to_sync_adc_status = 1; // 标志位，是否要同步adc的通道
             -，更新adc状态
  48   2              cnt++;
  49   2              if (cnt >= 8 && flag_is_time_to_sync_adc_status)
  50   2              {
C51 COMPILER V9.60.7.0   TIMER3                                                            01/30/2026 16:24:13 PAGE 2   

  51   3                  flag_is_time_to_sync_adc_status = 0;
  52   3                  cur_adc_status = ADC_STATUS_NONE; // 给下面的代码检测到，切换通道
  53   3              }
  54   2      
  55   2              if (cnt >= 10)
  56   2              {
  57   3                  cnt = 0;
  58   3                  flag_is_time_to_check_engine = 1;    // 到了检测发动机的时间，让主函数扫描到
             -，调用
  59   3                  flag_is_time_to_sync_adc_status = 1; // 等到下一个周期，同步adc0的通道
  60   3              }
  61   2          }
  62   1      
  63   1          // 每次执行到这里，不用等 adc0 稳定，因为中断时间间隔比 adc0 稳定的时间还
             -要长
  64   1          if (ADC_STATUS_NONE == cur_adc_status ||
  65   1              (ADC_STATUS_SEL_GET_TEMP == cur_adc_status))
  66   1          {
  67   2              // adc0 切换至检测发动机的通道，并等待 adc0 稳定
  68   2              adc_channel_sel(ADC_SEL_PIN_ENGINE);
  69   2              cur_adc_status = ADC_STATUS_SEL_ENGINE_WAITING;
  70   2          }
  71   1          else if (ADC_STATUS_SEL_ENGINE_WAITING == cur_adc_status)
  72   1          {
  73   2              ADC_CFG0 |= 0x01 << 0;                  // 开启adc0转换
  74   2              cur_adc_status = ADC_STATUS_SEL_ENGINE; // 表示当前已经切换到了 检测发动机的通道
  75   2          }
  76   1          else if (ADC_STATUS_SEL_ENGINE_DONE == cur_adc_status)
  77   1          {
  78   2              // adc0 切换至检测旋钮的通道，并等待 adc0 稳定
  79   2              adc_channel_sel(ADC_SEL_PIN_KNOB);
  80   2              cur_adc_status = ADC_STATUS_SEL_KNOB_WAITING;
  81   2          }
  82   1          else if (ADC_STATUS_SEL_KNOB_WAITING == cur_adc_status)
  83   1          {
  84   2              ADC_CFG0 |= 0x01 << 0;                // 开启adc0转换
  85   2              cur_adc_status = ADC_STATUS_SEL_KNOB; // 检测旋钮的通道
  86   2          }
  87   1          else if (ADC_STATUS_SEL_KNOB == cur_adc_status)
  88   1          {
  89   2              // adc0 切换至检测温度的通道，并等待 adc0 稳定
  90   2              adc_channel_sel(ADC_SEL_PIN_TEMP);
  91   2              cur_adc_status = ADC_STATUS_SEL_GET_TEMP_WAITING;
  92   2          }
  93   1          else if (ADC_STATUS_SEL_GET_TEMP_WAITING == cur_adc_status)
  94   1          {
  95   2              ADC_CFG0 |= 0x01 << 0;                    // 开启adc0转换
  96   2              cur_adc_status = ADC_STATUS_SEL_GET_TEMP; // 检测温度的通道
  97   2          } 
  98   1      
  99   1          __IRQnIPnPop(TMR3_IRQn);
 100   1      }


MODULE INFORMATION:   STATIC OVERLAYABLE
   CODE SIZE        =    259    ----
   CONSTANT SIZE    =   ----    ----
   XDATA SIZE       =      2    ----
   PDATA SIZE       =   ----    ----
   DATA SIZE        =   ----    ----
   IDATA SIZE       =   ----    ----
   BIT SIZE         =   ----    ----
C51 COMPILER V9.60.7.0   TIMER3                                                            01/30/2026 16:24:13 PAGE 3   

END OF MODULE INFORMATION.


C51 COMPILATION COMPLETE.  0 WARNING(S),  0 ERROR(S)
